[debug] [2019-04-12T15:13:42.984Z] ----------------------------------------------------------------------
[debug] [2019-04-12T15:13:42.986Z] Command:       C:\Program Files\nodejs\node.exe C:\Users\Maxime\AppData\Roaming\npm\node_modules\firebase-tools\lib\bin\firebase.js deploy
[debug] [2019-04-12T15:13:42.986Z] CLI Version:   6.5.3
[debug] [2019-04-12T15:13:42.986Z] Platform:      win32
[debug] [2019-04-12T15:13:42.986Z] Node Version:  v8.11.3
[debug] [2019-04-12T15:13:42.986Z] Time:          Fri Apr 12 2019 11:13:42 GMT-0400 (Eastern Summer Time)
[debug] [2019-04-12T15:13:42.986Z] ----------------------------------------------------------------------
[debug] 
[debug] [2019-04-12T15:13:42.998Z] > command requires scopes: ["email","openid","https://www.googleapis.com/auth/cloudplatformprojects.readonly","https://www.googleapis.com/auth/firebase","https://www.googleapis.com/auth/cloud-platform"]
[debug] [2019-04-12T15:13:42.999Z] > authorizing via signed-in user
[debug] [2019-04-12T15:13:42.999Z] [iam] checking project mad-max-power for permissions ["datastore.indexes.create","datastore.indexes.delete","datastore.indexes.list","datastore.indexes.update","firebase.projects.get","firebasedatabase.instances.update","firebasehosting.sites.update"]
[debug] [2019-04-12T15:13:43.000Z] > refreshing access token with scopes: ["email","https://www.googleapis.com/auth/cloud-platform","https://www.googleapis.com/auth/cloudplatformprojects.readonly","https://www.googleapis.com/auth/firebase","openid"]
[debug] [2019-04-12T15:13:43.000Z] >>> HTTP REQUEST POST https://www.googleapis.com/oauth2/v3/token  
 <request body omitted>
[debug] [2019-04-12T15:13:43.327Z] <<< HTTP RESPONSE 200
[debug] [2019-04-12T15:13:43.331Z] >>> HTTP REQUEST POST https://cloudresourcemanager.googleapis.com/v1/projects/mad-max-power:testIamPermissions  

[debug] [2019-04-12T15:13:43.823Z] <<< HTTP RESPONSE 200
[debug] [2019-04-12T15:13:43.824Z] >>> HTTP REQUEST GET https://firebase.googleapis.com/v1beta1/projects/mad-max-power  
 
[debug] [2019-04-12T15:13:44.264Z] <<< HTTP RESPONSE 200
[info] 
[info] === Deploying to 'mad-max-power'...
[info] 
[info] i  deploying database, firestore, hosting
[info] i  database: checking rules syntax...
[debug] [2019-04-12T15:13:44.271Z] >>> HTTP REQUEST PUT https://mad-max-power.firebaseio.com/.settings/rules.json?dryRun=true  
 {
  /* Visit https://firebase.google.com/docs/database/security to learn more about security rules. */
  "rules": {
    ".read": false,
    ".write": false
  }
}
[debug] [2019-04-12T15:13:44.678Z] <<< HTTP RESPONSE 200
[info] +  database: rules syntax for database mad-max-power is valid
[info] i  firestore: checking firestore.rules for compilation errors...
[info] i  firestore: reading indexes from firestore.indexes.json...
[debug] [2019-04-12T15:13:44.684Z] >>> HTTP REQUEST POST https://firebaserules.googleapis.com/v1/projects/mad-max-power:test  

[debug] [2019-04-12T15:13:45.148Z] <<< HTTP RESPONSE 200
[info] +  firestore: rules file firestore.rules compiled successfully
[debug] [2019-04-12T15:13:45.150Z] >>> HTTP REQUEST POST https://firebasehosting.googleapis.com/v1beta1/sites/mad-max-power/versions  

[debug] [2019-04-12T15:13:55.625Z] <<< HTTP RESPONSE 503
[debug] [2019-04-12T15:13:55.625Z] <<< HTTP RESPONSE BODY
[error] 
[error] Error: HTTP Error: 503, The service is currently unavailable.
[debug] [2019-04-12T15:13:55.814Z] Error Context: {
  "body": {
    "error": {
      "code": 503,
      "message": "The service is currently unavailable.",
      "status": "UNAVAILABLE"
    }
  },
  "response": {
    "statusCode": 503,
    "body": {
      "error": {
        "code": 503,
        "message": "The service is currently unavailable.",
        "status": "UNAVAILABLE"
      }
    },
    "headers": {
      "vary": "X-Origin, Referer, Origin,Accept-Encoding",
      "content-type": "application/json; charset=UTF-8",
      "date": "Fri, 12 Apr 2019 15:13:56 GMT",
      "server": "ESF",
      "cache-control": "private",
      "x-xss-protection": "0",
      "x-frame-options": "SAMEORIGIN",
      "x-content-type-options": "nosniff",
      "alt-svc": "quic=\":443\"; ma=2592000; v=\"46,44,43,39\"",
      "accept-ranges": "none",
      "transfer-encoding": "chunked"
    },
    "request": {
      "uri": {
        "protocol": "https:",
        "slashes": true,
        "auth": null,
        "host": "firebasehosting.googleapis.com",
        "port": 443,
        "hostname": "firebasehosting.googleapis.com",
        "hash": null,
        "search": null,
        "query": null,
        "pathname": "/v1beta1/sites/mad-max-power/versions",
        "path": "/v1beta1/sites/mad-max-power/versions",
        "href": "https://firebasehosting.googleapis.com/v1beta1/sites/mad-max-power/versions"
      },
      "method": "POST"
    }
  }
}
